
2025/02/21 (13:57:12) | ===> btop++ v.1.4.0
2025/02/21 (13:57:12) | WARNING: Intel GPU: Failed to initialize PMU
2025/02/21 (14:05:06) | INFO: Logger set to INFO
2025/02/21 (14:05:07) | INFO: Logger set to DEBUG
2025/02/21 (14:05:07) | INFO: Logger set to INFO

2025/02/21 (14:29:40) | ===> btop++ v.1.4.0
2025/02/21 (14:29:40) | WARNING: Intel GPU: Failed to initialize PMU

2025/02/21 (14:32:45) | ===> btop++ v.1.4.0
2025/02/21 (14:32:45) | WARNING: Intel GPU: Failed to initialize PMU

2025/02/25 (13:13:44) | ===> btop++ v.1.4.0
2025/02/25 (13:13:44) | WARNING: Intel GPU: Failed to initialize PMU

2025/02/26 (10:25:02) | ===> btop++ v.1.4.0
2025/02/26 (10:25:02) | WARNING: Intel GPU: Failed to initialize PMU

2025/03/04 (12:07:51) | ===> btop++ v.1.4.0
2025/03/04 (12:07:51) | WARNING: Intel GPU: Failed to initialize PMU

2025/03/04 (23:12:04) | ===> btop++ v.1.4.0
2025/03/04 (23:12:04) | WARNING: Intel GPU: Failed to initialize PMU

2025/03/04 (23:22:09) | ===> btop++ v.1.4.0
2025/03/04 (23:22:09) | WARNING: Intel GPU: Failed to initialize PMU

2025/03/04 (23:24:00) | ===> btop++ v.1.4.0
2025/03/04 (23:24:00) | WARNING: Intel GPU: Failed to initialize PMU

2025/03/04 (23:31:03) | ===> btop++ v.1.4.0
2025/03/04 (23:31:03) | WARNING: Intel GPU: Failed to initialize PMU

2025/03/04 (23:50:22) | ===> btop++ v.1.4.0
2025/03/04 (23:50:22) | WARNING: Intel GPU: Failed to initialize PMU

2025/03/05 (00:39:14) | ===> btop++ v.1.4.0
2025/03/05 (00:39:14) | WARNING: Intel GPU: Failed to initialize PMU

2025/03/05 (12:52:59) | ===> btop++ v.1.4.0
2025/03/05 (12:52:59) | WARNING: Intel GPU: Failed to initialize PMU

2025/03/07 (12:27:45) | ===> btop++ v.1.4.0
2025/03/07 (12:27:45) | WARNING: Intel GPU: Failed to initialize PMU

2025/03/10 (11:54:07) | ===> btop++ v.1.4.0
2025/03/10 (11:54:07) | WARNING: Intel GPU: Failed to initialize PMU

2025/03/10 (12:36:53) | ===> btop++ v.1.4.0
2025/03/10 (12:36:53) | WARNING: Intel GPU: Failed to initialize PMU

2025/03/10 (21:18:45) | ===> btop++ v.1.4.0
2025/03/10 (21:18:45) | WARNING: Intel GPU: Failed to initialize PMU

2025/03/10 (22:05:00) | ===> btop++ v.1.4.0
2025/03/10 (22:05:00) | WARNING: Intel GPU: Failed to initialize PMU

2025/03/11 (10:39:39) | ===> btop++ v.1.4.0
2025/03/11 (10:39:39) | WARNING: Intel GPU: Failed to initialize PMU

2025/03/19 (12:13:24) | ===> btop++ v.1.4.0
2025/03/19 (12:13:24) | WARNING: Intel GPU: Failed to initialize PMU
2025/03/19 (12:39:06) | ERROR: Couldn't determine terminal size of "STDOUT_FILENO"!
2025/03/19 (12:39:06) | ERROR: Couldn't determine terminal size of "/dev/tty"!

2025/03/22 (12:52:34) | ===> btop++ v.1.4.0
2025/03/22 (12:52:34) | WARNING: Intel GPU: Failed to initialize PMU

2025/03/27 (09:07:07) | ===> btop++ v.1.4.0
2025/03/27 (09:07:07) | WARNING: Intel GPU: Failed to initialize PMU

2025/03/28 (22:16:20) | ===> btop++ v.1.4.0
2025/03/28 (22:16:20) | WARNING: Intel GPU: Failed to initialize PMU

2025/03/29 (15:01:50) | ===> btop++ v.1.4.0
2025/03/29 (15:01:50) | WARNING: Intel GPU: Failed to initialize PMU

2025/03/30 (17:47:39) | ===> btop++ v.1.4.0
2025/03/30 (17:47:39) | WARNING: Intel GPU: Failed to initialize PMU

2025/03/30 (17:49:24) | ===> btop++ v.1.4.0
2025/03/30 (17:49:24) | WARNING: Intel GPU: Failed to initialize PMU

2025/03/31 (08:49:19) | ===> btop++ v.1.4.0
2025/03/31 (08:49:19) | WARNING: Intel GPU: Failed to initialize PMU

2025/04/01 (20:58:32) | ===> btop++ v.1.4.0
2025/04/01 (20:58:32) | WARNING: ROCm SMI: Failed to get maximum GPU temperature, defaulting to 110°C
2025/04/01 (20:58:32) | WARNING: ROCm SMI: Failed to get PCIe throughput

2025/04/04 (08:27:31) | ===> btop++ v.1.4.0
2025/04/04 (08:27:31) | WARNING: Intel GPU: Failed to initialize PMU

2025/04/04 (09:57:36) | ===> btop++ v.1.4.0
2025/04/04 (09:57:36) | WARNING: Intel GPU: Failed to initialize PMU

2025/04/04 (09:57:54) | ===> btop++ v.1.4.0
2025/04/04 (09:57:54) | WARNING: Intel GPU: Failed to initialize PMU
